<?xml version="1.0" encoding="UTF-8"?>
<!-- Generated by org.testng.reporters.JUnitReportReporter -->
<testsuite skipped="0" hostname="DESKTOP-KR2V5IJ" name="parameterized_CLIExecution.Parameterized_CLI_Execution" tests="1" failures="0" timestamp="05 Aug 2021 16:53:02 GMT" time="16.736" errors="0">
  <testcase name="test1" time="16.736" classname="parameterized_CLIExecution.Parameterized_CLI_Execution"/>
</testsuite> <!-- parameterized_CLIExecution.Parameterized_CLI_Execution -->
